#
# A fatal error has been detected by the Java Runtime Environment:
#
#  SIGBUS (0xa) at pc=0x00000003062a7600, pid=27783, tid=8707
#
# JRE version: OpenJDK Runtime Environment Corretto-11.0.14.10.1 (11.0.14.1+10) (build 11.0.14.1+10-LTS)
# Java VM: OpenJDK 64-Bit Server VM Corretto-11.0.14.10.1 (11.0.14.1+10-LTS, mixed mode, tiered, compressed oops, g1 gc, bsd-amd64)
# Problematic frame:
# C  0x00000003062a7600
#
# No core dump will be written. Core dumps have been disabled. To enable core dumping, try "ulimit -c unlimited" before starting Java again
#
# If you would like to submit a bug report, please visit:
#   https://github.com/corretto/corretto-11/issues/
#

---------------  S U M M A R Y ------------

Command Line: -ea -Didea.test.cyclic.buffer.size=1048576 -javaagent:/Applications/IntelliJ IDEA.app/Contents/lib/idea_rt.jar=64511:/Applications/IntelliJ IDEA.app/Contents/bin -agentpath:/private/var/folders/k6/dkc35rrd3kvf4z8xbpc5z4zh0000gn/T/libasyncProfiler.so=start,jfr,event=cpu,interval=1ms,event=alloc,file=/Users/jojunbeom/MemoryBoardRepository2Test_update_2022_08_10_171619.jfr -Dfile.encoding=UTF-8 com.intellij.rt.junit.JUnitStarter -ideVersion5 -junit5 com.example.SpringFramework.board.repository.MemoryBoardRepository2Test,update

Host: MacBookAir10,1 x86_64 2400 MHz, 8 cores, 8G, Darwin 21.1.0
Time: Wed Aug 10 17:16:21 2022 KST elapsed time: 2.394867 seconds (0d 0h 0m 2s)

---------------  T H R E A D  ---------------

Current thread (0x00007fe29180c800):  JavaThread "main" [_thread_in_vm, id=8707, stack(0x00000003061ab000,0x00000003062ab000)]

Stack: [0x00000003061ab000,0x00000003062ab000],  sp=0x00000003062a76a8,  free space=1009k
Native frames: (J=compiled Java code, A=aot compiled Java code, j=interpreted, Vv=VM code, C=native code)
C  0x00000003062a7600

Java frames: (J=compiled Java code, j=interpreted, Vv=VM code)
v  ~RuntimeStub::new_object_array Runtime1 stub
J 380 c1 java.util.Arrays.copyOf([Ljava/lang/Object;ILjava/lang/Class;)[Ljava/lang/Object; java.base@11.0.14.1 (40 bytes) @ 0x0000000115379ca7 [0x0000000115379720+0x0000000000000587]
J 377 c1 java.util.ArrayList.add(Ljava/lang/Object;)Z java.base@11.0.14.1 (25 bytes) @ 0x0000000115377664 [0x0000000115377420+0x0000000000000244]
J 688 c1 java.lang.reflect.ProxyGenerator$ConstantPool.addEntry(Ljava/lang/reflect/ProxyGenerator$ConstantPool$Entry;)S java.base@11.0.14.1 (46 bytes) @ 0x000000011541d994 [0x000000011541d880+0x0000000000000114]
J 668 c1 java.lang.reflect.ProxyGenerator$ConstantPool.getIndirect(Ljava/lang/reflect/ProxyGenerator$ConstantPool$IndirectEntry;)S java.base@11.0.14.1 (63 bytes) @ 0x0000000115410cfc [0x0000000115410a40+0x00000000000002bc]
J 704 c1 java.lang.reflect.ProxyGenerator$ConstantPool.getNameAndType(Ljava/lang/String;Ljava/lang/String;)S java.base@11.0.14.1 (30 bytes) @ 0x0000000115425ee4 [0x0000000115425bc0+0x0000000000000324]
j  java.lang.reflect.ProxyGenerator$ConstantPool.getMethodRef(Ljava/lang/String;Ljava/lang/String;Ljava/lang/String;)S+10 java.base@11.0.14.1
j  java.lang.reflect.ProxyGenerator$ProxyMethod.codeUnwrapReturnValue(Ljava/lang/Class;Ljava/io/DataOutputStream;)V+64 java.base@11.0.14.1
j  java.lang.reflect.ProxyGenerator$ProxyMethod.generateMethod()Ljava/lang/reflect/ProxyGenerator$MethodInfo;+380 java.base@11.0.14.1
j  java.lang.reflect.ProxyGenerator.generateClassFile()[B+256 java.base@11.0.14.1
j  java.lang.reflect.ProxyGenerator.generateProxyClass(Ljava/lang/String;[Ljava/lang/Class;I)[B+12 java.base@11.0.14.1
j  java.lang.reflect.Proxy$ProxyBuilder.defineProxyClass(Ljava/lang/Module;Ljava/util/List;)Ljava/lang/Class;+331 java.base@11.0.14.1
j  java.lang.reflect.Proxy$ProxyBuilder.build()Ljava/lang/reflect/Constructor;+8 java.base@11.0.14.1
j  java.lang.reflect.Proxy.lambda$getProxyConstructor$0(Ljava/lang/ClassLoader;Ljdk/internal/loader/AbstractClassLoaderValue$Sub;)Ljava/lang/reflect/Constructor;+15 java.base@11.0.14.1
j  java.lang.reflect.Proxy$$Lambda$63.apply(Ljava/lang/Object;Ljava/lang/Object;)Ljava/lang/Object;+8 java.base@11.0.14.1
j  jdk.internal.loader.AbstractClassLoaderValue$Memoizer.get()Ljava/lang/Object;+75 java.base@11.0.14.1
j  jdk.internal.loader.AbstractClassLoaderValue.computeIfAbsent(Ljava/lang/ClassLoader;Ljava/util/function/BiFunction;)Ljava/lang/Object;+63 java.base@11.0.14.1
j  java.lang.reflect.Proxy.getProxyConstructor(Ljava/lang/Class;Ljava/lang/ClassLoader;[Ljava/lang/Class;)Ljava/lang/reflect/Constructor;+40 java.base@11.0.14.1
j  java.lang.reflect.Proxy.newProxyInstance(Ljava/lang/ClassLoader;[Ljava/lang/Class;Ljava/lang/reflect/InvocationHandler;)Ljava/lang/Object;+22 java.base@11.0.14.1
j  sun.reflect.annotation.AnnotationParser$1.run()Ljava/lang/annotation/Annotation;+33 java.base@11.0.14.1
j  sun.reflect.annotation.AnnotationParser$1.run()Ljava/lang/Object;+1 java.base@11.0.14.1
v  ~StubRoutines::call_stub
j  java.security.AccessController.doPrivileged(Ljava/security/PrivilegedAction;)Ljava/lang/Object;+0 java.base@11.0.14.1
j  sun.reflect.annotation.AnnotationParser.annotationForMap(Ljava/lang/Class;Ljava/util/Map;)Ljava/lang/annotation/Annotation;+9 java.base@11.0.14.1
j  sun.reflect.annotation.AnnotationParser.parseAnnotation2(Ljava/nio/ByteBuffer;Ljdk/internal/reflect/ConstantPool;Ljava/lang/Class;Z[Ljava/lang/Class;)Ljava/lang/annotation/Annotation;+280 java.base@11.0.14.1
j  sun.reflect.annotation.AnnotationParser.parseAnnotations2([BLjdk/internal/reflect/ConstantPool;Ljava/lang/Class;[Ljava/lang/Class;)Ljava/util/Map;+41 java.base@11.0.14.1
j  sun.reflect.annotation.AnnotationParser.parseAnnotations([BLjdk/internal/reflect/ConstantPool;Ljava/lang/Class;)Ljava/util/Map;+12 java.base@11.0.14.1
j  java.lang.Class.createAnnotationData(I)Ljava/lang/Class$AnnotationData;+9 java.base@11.0.14.1
j  java.lang.Class.annotationData()Ljava/lang/Class$AnnotationData;+26 java.base@11.0.14.1
j  java.lang.Class.getDeclaredAnnotation(Ljava/lang/Class;)Ljava/lang/annotation/Annotation;+6 java.base@11.0.14.1
j  org.junit.platform.commons.util.AnnotationUtils.findAnnotation(Ljava/lang/reflect/AnnotatedElement;Ljava/lang/Class;ZLjava/util/Set;)Ljava/util/Optional;+17
j  org.junit.platform.commons.util.AnnotationUtils.findMetaAnnotation(Ljava/lang/Class;[Ljava/lang/annotation/Annotation;ZLjava/util/Set;)Ljava/util/Optional;+58
j  org.junit.platform.commons.util.AnnotationUtils.findAnnotation(Ljava/lang/reflect/AnnotatedElement;Ljava/lang/Class;ZLjava/util/Set;)Ljava/util/Optional;+44
j  org.junit.platform.commons.util.AnnotationUtils.findAnnotation(Ljava/lang/reflect/AnnotatedElement;Ljava/lang/Class;)Ljava/util/Optional;+24
j  com.intellij.junit5.JUnit5TestRunnerUtil.isDisabledCondition([Ljava/lang/String;Ljava/lang/ClassLoader;Ljava/lang/reflect/AnnotatedElement;)Z+34
j  com.intellij.junit5.JUnit5TestRunnerUtil.getDisabledCondition(Ljava/lang/ClassLoader;Ljava/lang/reflect/AnnotatedElement;)Ljava/lang/String;+5
j  com.intellij.junit5.JUnit5TestRunnerUtil.getDisabledConditionValue(Ljava/lang/String;)Ljava/lang/String;+203
j  com.intellij.junit5.JUnit5TestRunnerUtil.buildRequest([Ljava/lang/String;[Ljava/lang/String;)Lorg/junit/platform/launcher/LauncherDiscoveryRequest;+440
j  com.intellij.junit5.JUnit5IdeaTestRunner.startRunnerWithArgs([Ljava/lang/String;Ljava/lang/String;IZ)I+39
j  com.intellij.rt.junit.IdeaTestRunner$Repeater$1.execute(Z)I+17
j  com.intellij.rt.execution.junit.TestsRepeater.repeat(IZLcom/intellij/rt/execution/junit/TestsRepeater$TestRun;)I+7
j  com.intellij.rt.junit.IdeaTestRunner$Repeater.startRunnerWithArgs(Lcom/intellij/rt/junit/IdeaTestRunner;[Ljava/lang/String;Ljava/util/ArrayList;Ljava/lang/String;IZ)I+25
j  com.intellij.rt.junit.JUnitStarter.prepareStreamsAndStart([Ljava/lang/String;Ljava/lang/String;Ljava/util/ArrayList;Ljava/lang/String;)I+116
j  com.intellij.rt.junit.JUnitStarter.main([Ljava/lang/String;)V+97
v  ~StubRoutines::call_stub

siginfo: si_signo: 10 (SIGBUS), si_code: 2 (BUS_ADRERR), si_addr: 0x00000003062a7600

Register to memory mapping:

RAX=0x000000010ae18580: _ZN15JfrEventSetting19_jvm_event_settingsE+0 in /Users/jojunbeom/Library/Java/JavaVirtualMachines/corretto-11.0.14.1/Contents/Home/lib/server/libjvm.dylib at 0x000000010a447000
RBX=0x00000003062a76c8 is pointing into the stack for thread: 0x00007fe29180c800
RCX=0x00007fe29180c800 is a thread
RDX=0x00000000000000d0 is an unknown value
RSP=0x00000003062a76a8 is pointing into the stack for thread: 0x00007fe29180c800
RBP=0x000000010aa0f6a6: _ZN12MemAllocator10Allocation17notify_allocationEv+0x16 in /Users/jojunbeom/Library/Java/JavaVirtualMachines/corretto-11.0.14.1/Contents/Home/lib/server/libjvm.dylib at 0x000000010a447000
RSI=0x00000007873f6480 is an oop: [Ljava.lang.Object; 
{0x00000007873f6480} - klass: 'java/lang/Object'[]
 - length: 48
RDI=0x00000003062a7678 is pointing into the stack for thread: 0x00007fe29180c800
R8 =0x00007fe29180c800 is a thread
R9 =0x00007fe29180c800 is a thread
R10=0x0000000787f04a80 is an oop: java.lang.Class 
{0x0000000787f04a80} - klass: 'java/lang/Class'
R11=0x0000000000007873 is an unknown value
R12=0x00007fe29180c800 is a thread
R13=0x00000000ffffffff is an unknown value
R14=0x00000007873f6480 is an oop: [Ljava.lang.Object; 
{0x00000007873f6480} - klass: 'java/lang/Object'[]
 - length: 48
R15=0x0 is NULL


Registers:
RAX=0x000000010ae18580, RBX=0x00000003062a76c8, RCX=0x00007fe29180c800, RDX=0x00000000000000d0
RSP=0x00000003062a76a8, RBP=0x000000010aa0f6a6, RSI=0x00000007873f6480, RDI=0x00000003062a7678
R8 =0x00007fe29180c800, R9 =0x00007fe29180c800, R10=0x0000000787f04a80, R11=0x0000000000007873
R12=0x00007fe29180c800, R13=0x00000000ffffffff, R14=0x00000007873f6480, R15=0x0000000000000000
RIP=0x00000003062a7600, EFLAGS=0x0000000000000212, ERR=0x0000000000000015
  TRAPNO=0x000000000000000e

Top of Stack: (sp=0x00000003062a76a8)
0x00000003062a76a8:   00000003062a7720 00000003062a7710
0x00000003062a76b8:   000000010aa0fa99 0000000000000000
0x00000003062a76c8:   00000003062a7720 00007fe29180c800
0x00000003062a76d8:   00000003062a76f8 0000000000000000
0x00000003062a76e8:   0000000000001370 00000003062a7700
0x00000003062a76f8:   00000007873f6480 0000000000000002
0x00000003062a7708:   0000000000000030 00000003062a7750
0x00000003062a7718:   000000010a671967 000000010adbb990
0x00000003062a7728:   00007fe29180bc00 00007fe29180c800
0x00000003062a7738:   0000000800013390 000000000000001a
0x00000003062a7748:   0000000100000030 00000003062a78b0
0x00000003062a7758:   000000010a7f0fd5 0000000000000001
0x00000003062a7768:   0000000000000002 00007fe29180c800
0x00000003062a7778:   000000010b59bbe8 000000010b5adf30
0x00000003062a7788:   0000000000000007 00000003062a77f0
0x00000003062a7798:   00007ff80067a639 0000000000000000
0x00000003062a77a8:   0000000000000007 000005ad0b5a5c08
0x00000003062a77b8:   000000000b59a778 000000000b59bc38
0x00000003062a77c8:   000000000b59c2c0 0000000000000028
0x00000003062a77d8:   00000003062a7800 0000000109638000
0x00000003062a77e8:   00007ff84201c000 00000003062a7820
0x00000003062a77f8:   00007ff80b59bbe8 00007ff80b5a87c8
0x00000003062a7808:   000000030b59c310 0000000000000001
0x00000003062a7818:   00007ff82ac12e90 00000003062a7860
0x00000003062a7828:   00007ff80b59a6d8 000000000b5a33a8
0x00000003062a7838:   00000003062a78e0 0000000000000000
0x00000003062a7848:   00000003062a78e0 0000000000000028
0x00000003062a7858:   0000000000000007 000000030b5a8778
0x00000003062a7868:   000000010b59a778 000000010b59bc38
0x00000003062a7878:   000000000b59bb98 f58542e5a9fa00b0
0x00000003062a7888:   00007fe29180c800 0000000000000000
0x00000003062a7898:   00000001153775cc 0000000000000030 

Instructions: (pc=0x00000003062a7600)
0x00000003062a7500:   e8 7c 2a 06 03 00 00 00 0e 00 00 00 00 00 00 00
0x00000003062a7510:   b0 53 d4 2a e2 7f 00 00 58 bd 5c 0b 00 00 00 00
0x00000003062a7520:   01 00 00 00 00 00 00 00 08 00 00 00 00 00 00 00
0x00000003062a7530:   d0 ef 5a 0b 00 00 00 00 08 00 00 00 08 00 00 00
0x00000003062a7540:   78 87 5a 0b 00 00 00 00 48 8a 5c 0b 03 00 00 00
0x00000003062a7550:   90 30 2c 2b e2 7f 00 00 b8 7a 2a 06 03 00 00 00
0x00000003062a7560:   02 00 00 00 e2 7f 00 00 b0 29 32 92 e2 7f 00 00
0x00000003062a7570:   00 00 00 00 e2 7f 00 00 00 00 00 00 00 00 00 00
0x00000003062a7580:   90 b9 db 0a 01 00 00 00 54 00 00 00 00 00 00 00
0x00000003062a7590:   54 00 00 00 00 00 00 00 e0 61 3f 87 07 00 00 00
0x00000003062a75a0:   30 76 2a 06 03 00 00 00 ab 16 67 0a 01 00 00 00
0x00000003062a75b0:   00 00 00 00 00 00 00 00 00 c8 80 91 e2 7f 00 00
0x00000003062a75c0:   c0 c3 91 03 00 60 00 00 00 40 31 01 00 60 00 00
0x00000003062a75d0:   18 40 31 01 00 60 00 00 e8 76 2a 06 03 00 00 00
0x00000003062a75e0:   d8 00 00 00 00 00 00 00 70 13 00 00 00 00 00 00
0x00000003062a75f0:   70 13 00 00 00 00 00 00 10 c9 80 91 e2 7f 00 00
0x00000003062a7600:   80 64 3f 87 07 00 00 00 38 76 2a 06 03 00 00 00
0x00000003062a7610:   26 63 81 0a 01 00 00 00 d0 00 00 00 00 00 00 00
0x00000003062a7620:   d0 00 00 00 00 00 00 00 80 9b 00 00 00 00 00 00
0x00000003062a7630:   90 33 01 00 08 00 00 00 98 76 2a 06 03 00 00 00
0x00000003062a7640:   97 3c 54 0a 01 00 00 00 00 00 00 00 00 00 00 00
0x00000003062a7650:   00 00 00 00 00 00 00 00 00 f9 a0 0a 01 00 00 00
0x00000003062a7660:   c8 76 2a 06 03 00 00 00 c8 76 2a 06 03 00 00 00
0x00000003062a7670:   c8 76 2a 06 03 00 00 00 00 c8 80 91 e2 7f 00 00
0x00000003062a7680:   c8 76 2a 06 03 00 00 00 80 64 3f 87 07 00 00 00
0x00000003062a7690:   00 00 00 00 00 00 00 00 a6 f6 a0 0a 01 00 00 00
0x00000003062a76a0:   00 76 2a 06 03 00 00 00 20 77 2a 06 03 00 00 00
0x00000003062a76b0:   10 77 2a 06 03 00 00 00 99 fa a0 0a 01 00 00 00
0x00000003062a76c0:   00 00 00 00 00 00 00 00 20 77 2a 06 03 00 00 00
0x00000003062a76d0:   00 c8 80 91 e2 7f 00 00 f8 76 2a 06 03 00 00 00
0x00000003062a76e0:   00 00 00 00 00 00 00 00 70 13 00 00 00 00 00 00
0x00000003062a76f0:   00 77 2a 06 03 00 00 00 80 64 3f 87 07 00 00 00 


Stack slot to memory mapping:
stack at sp + 0 slots: 0x00000003062a7720 is pointing into the stack for thread: 0x00007fe29180c800
stack at sp + 1 slots: 0x00000003062a7710 is pointing into the stack for thread: 0x00007fe29180c800
stack at sp + 2 slots: 0x000000010aa0fa99: _ZNK12MemAllocator8allocateEv+0x77 in /Users/jojunbeom/Library/Java/JavaVirtualMachines/corretto-11.0.14.1/Contents/Home/lib/server/libjvm.dylib at 0x000000010a447000
stack at sp + 3 slots: 0x0 is NULL
stack at sp + 4 slots: 0x00000003062a7720 is pointing into the stack for thread: 0x00007fe29180c800
stack at sp + 5 slots: 0x00007fe29180c800 is a thread
stack at sp + 6 slots: 0x00000003062a76f8 is pointing into the stack for thread: 0x00007fe29180c800
stack at sp + 7 slots: 0x0 is NULL


---------------  P R O C E S S  ---------------

Threads class SMR info:
_java_thread_list=0x0000600002623dc0, length=12, elements={
0x00007fe29180c800, 0x00007fe294024000, 0x00007fe29400d000, 0x00007fe292024800,
0x00007fe292025800, 0x00007fe292026800, 0x00007fe292027800, 0x00007fe292028000,
0x00007fe29402c000, 0x00007fe294025800, 0x00007fe291af7000, 0x00007fe291af4000
}

Java Threads: ( => current thread )
=>0x00007fe29180c800 JavaThread "main" [_thread_in_vm, id=8707, stack(0x00000003061ab000,0x00000003062ab000)]
  0x00007fe294024000 JavaThread "Reference Handler" daemon [_thread_blocked, id=17667, stack(0x00000003068c0000,0x00000003069c0000)]
  0x00007fe29400d000 JavaThread "Finalizer" daemon [_thread_blocked, id=17155, stack(0x00000003069c3000,0x0000000306ac3000)]
  0x00007fe292024800 JavaThread "Signal Dispatcher" daemon [_thread_blocked, id=24067, stack(0x0000000306c5f000,0x0000000306d5f000)]
  0x00007fe292025800 JavaThread "Service Thread" daemon [_thread_blocked, id=24579, stack(0x0000000306d62000,0x0000000306e62000)]
  0x00007fe292026800 JavaThread "C2 CompilerThread0" daemon [_thread_in_native, id=41731, stack(0x0000000306e65000,0x0000000306f65000)]
  0x00007fe292027800 JavaThread "C1 CompilerThread0" daemon [_thread_blocked, id=25603, stack(0x0000000306f68000,0x0000000307068000)]
  0x00007fe292028000 JavaThread "Sweeper thread" daemon [_thread_blocked, id=41219, stack(0x000000030706b000,0x000000030716b000)]
  0x00007fe29402c000 JavaThread "Common-Cleaner" daemon [_thread_blocked, id=27139, stack(0x000000030716e000,0x000000030726e000)]
  0x00007fe294025800 JavaThread "Monitor Ctrl-Break" daemon [_thread_in_native, id=27907, stack(0x0000000307271000,0x0000000307371000)]
  0x00007fe291af7000 JavaThread "Async-profiler Timer" daemon [_thread_in_native, id=38447, stack(0x0000000307374000,0x00000003073f4000)]
  0x00007fe291af4000 JavaThread "Attach Listener" daemon [_thread_blocked, id=29703, stack(0x000000030757d000,0x000000030767d000)]

Other Threads:
  0x00007fe292022000 VMThread "VM Thread" [stack: 0x00000003067bd000,0x00000003068bd000] [id=15875]
  0x00007fe292219800 WatcherThread [stack: 0x000000030747a000,0x000000030757a000] [id=29223]
  0x00007fe29180d800 GCTaskThread "GC Thread#0" [stack: 0x00000003062ae000,0x00000003063ae000] [id=13315]
  0x00007fe293039800 ConcurrentGCThread "G1 Main Marker" [stack: 0x00000003063b1000,0x00000003064b1000] [id=19715]
  0x00007fe29303a800 ConcurrentGCThread "G1 Conc#0" [stack: 0x00000003064b4000,0x00000003065b4000] [id=19203]
  0x00007fe29184f000 ConcurrentGCThread "G1 Refine#0" [stack: 0x00000003065b7000,0x00000003066b7000] [id=14339]
  0x00007fe271808800 ConcurrentGCThread "G1 Young RemSet Sampling" [stack: 0x00000003066ba000,0x00000003067ba000] [id=14595]

Threads with active compile tasks:
C2 CompilerThread0   2403  747       4       java.util.HashMap::put (13 bytes)

VM state:not at safepoint (normal execution)

VM Mutex/Monitor currently owned by a thread: None

Heap address: 0x0000000780000000, size: 2048 MB, Compressed Oops mode: Zero based, Oop shift amount: 3
Narrow klass base: 0x0000000800000000, Narrow klass shift: 0
Compressed class space size: 1073741824 Address: 0x0000000800000000

Heap:
 garbage-first heap   total 131072K, used 11264K [0x0000000780000000, 0x0000000800000000)
  region size 1024K, 13 young (13312K), 0 survivors (0K)
 Metaspace       used 10088K, capacity 10337K, committed 10496K, reserved 1058816K
  class space    used 935K, capacity 1001K, committed 1024K, reserved 1048576K
Heap Regions: E=young(eden), S=young(survivor), O=old, HS=humongous(starts), HC=humongous(continues), CS=collection set, F=free, A=archive, TAMS=top-at-mark-start (previous, next)
|   0|0x0000000780000000, 0x0000000780000000, 0x0000000780100000|  0%| F|  |TAMS 0x0000000780000000, 0x0000000780000000| Untracked 
|   1|0x0000000780100000, 0x0000000780100000, 0x0000000780200000|  0%| F|  |TAMS 0x0000000780100000, 0x0000000780100000| Untracked 
|   2|0x0000000780200000, 0x0000000780200000, 0x0000000780300000|  0%| F|  |TAMS 0x0000000780200000, 0x0000000780200000| Untracked 
|   3|0x0000000780300000, 0x0000000780300000, 0x0000000780400000|  0%| F|  |TAMS 0x0000000780300000, 0x0000000780300000| Untracked 
|   4|0x0000000780400000, 0x0000000780400000, 0x0000000780500000|  0%| F|  |TAMS 0x0000000780400000, 0x0000000780400000| Untracked 
|   5|0x0000000780500000, 0x0000000780500000, 0x0000000780600000|  0%| F|  |TAMS 0x0000000780500000, 0x0000000780500000| Untracked 
|   6|0x0000000780600000, 0x0000000780600000, 0x0000000780700000|  0%| F|  |TAMS 0x0000000780600000, 0x0000000780600000| Untracked 
|   7|0x0000000780700000, 0x0000000780700000, 0x0000000780800000|  0%| F|  |TAMS 0x0000000780700000, 0x0000000780700000| Untracked 
|   8|0x0000000780800000, 0x0000000780800000, 0x0000000780900000|  0%| F|  |TAMS 0x0000000780800000, 0x0000000780800000| Untracked 
|   9|0x0000000780900000, 0x0000000780900000, 0x0000000780a00000|  0%| F|  |TAMS 0x0000000780900000, 0x0000000780900000| Untracked 
|  10|0x0000000780a00000, 0x0000000780a00000, 0x0000000780b00000|  0%| F|  |TAMS 0x0000000780a00000, 0x0000000780a00000| Untracked 
|  11|0x0000000780b00000, 0x0000000780b00000, 0x0000000780c00000|  0%| F|  |TAMS 0x0000000780b00000, 0x0000000780b00000| Untracked 
|  12|0x0000000780c00000, 0x0000000780c00000, 0x0000000780d00000|  0%| F|  |TAMS 0x0000000780c00000, 0x0000000780c00000| Untracked 
|  13|0x0000000780d00000, 0x0000000780d00000, 0x0000000780e00000|  0%| F|  |TAMS 0x0000000780d00000, 0x0000000780d00000| Untracked 
|  14|0x0000000780e00000, 0x0000000780e00000, 0x0000000780f00000|  0%| F|  |TAMS 0x0000000780e00000, 0x0000000780e00000| Untracked 
|  15|0x0000000780f00000, 0x0000000780f00000, 0x0000000781000000|  0%| F|  |TAMS 0x0000000780f00000, 0x0000000780f00000| Untracked 
|  16|0x0000000781000000, 0x0000000781000000, 0x0000000781100000|  0%| F|  |TAMS 0x0000000781000000, 0x0000000781000000| Untracked 
|  17|0x0000000781100000, 0x0000000781100000, 0x0000000781200000|  0%| F|  |TAMS 0x0000000781100000, 0x0000000781100000| Untracked 
|  18|0x0000000781200000, 0x0000000781200000, 0x0000000781300000|  0%| F|  |TAMS 0x0000000781200000, 0x0000000781200000| Untracked 
|  19|0x0000000781300000, 0x0000000781300000, 0x0000000781400000|  0%| F|  |TAMS 0x0000000781300000, 0x0000000781300000| Untracked 
|  20|0x0000000781400000, 0x0000000781400000, 0x0000000781500000|  0%| F|  |TAMS 0x0000000781400000, 0x0000000781400000| Untracked 
|  21|0x0000000781500000, 0x0000000781500000, 0x0000000781600000|  0%| F|  |TAMS 0x0000000781500000, 0x0000000781500000| Untracked 
|  22|0x0000000781600000, 0x0000000781600000, 0x0000000781700000|  0%| F|  |TAMS 0x0000000781600000, 0x0000000781600000| Untracked 
|  23|0x0000000781700000, 0x0000000781700000, 0x0000000781800000|  0%| F|  |TAMS 0x0000000781700000, 0x0000000781700000| Untracked 
|  24|0x0000000781800000, 0x0000000781800000, 0x0000000781900000|  0%| F|  |TAMS 0x0000000781800000, 0x0000000781800000| Untracked 
|  25|0x0000000781900000, 0x0000000781900000, 0x0000000781a00000|  0%| F|  |TAMS 0x0000000781900000, 0x0000000781900000| Untracked 
|  26|0x0000000781a00000, 0x0000000781a00000, 0x0000000781b00000|  0%| F|  |TAMS 0x0000000781a00000, 0x0000000781a00000| Untracked 
|  27|0x0000000781b00000, 0x0000000781b00000, 0x0000000781c00000|  0%| F|  |TAMS 0x0000000781b00000, 0x0000000781b00000| Untracked 
|  28|0x0000000781c00000, 0x0000000781c00000, 0x0000000781d00000|  0%| F|  |TAMS 0x0000000781c00000, 0x0000000781c00000| Untracked 
|  29|0x0000000781d00000, 0x0000000781d00000, 0x0000000781e00000|  0%| F|  |TAMS 0x0000000781d00000, 0x0000000781d00000| Untracked 
|  30|0x0000000781e00000, 0x0000000781e00000, 0x0000000781f00000|  0%| F|  |TAMS 0x0000000781e00000, 0x0000000781e00000| Untracked 
|  31|0x0000000781f00000, 0x0000000781f00000, 0x0000000782000000|  0%| F|  |TAMS 0x0000000781f00000, 0x0000000781f00000| Untracked 
|  32|0x0000000782000000, 0x0000000782000000, 0x0000000782100000|  0%| F|  |TAMS 0x0000000782000000, 0x0000000782000000| Untracked 
|  33|0x0000000782100000, 0x0000000782100000, 0x0000000782200000|  0%| F|  |TAMS 0x0000000782100000, 0x0000000782100000| Untracked 
|  34|0x0000000782200000, 0x0000000782200000, 0x0000000782300000|  0%| F|  |TAMS 0x0000000782200000, 0x0000000782200000| Untracked 
|  35|0x0000000782300000, 0x0000000782300000, 0x0000000782400000|  0%| F|  |TAMS 0x0000000782300000, 0x0000000782300000| Untracked 
|  36|0x0000000782400000, 0x0000000782400000, 0x0000000782500000|  0%| F|  |TAMS 0x0000000782400000, 0x0000000782400000| Untracked 
|  37|0x0000000782500000, 0x0000000782500000, 0x0000000782600000|  0%| F|  |TAMS 0x0000000782500000, 0x0000000782500000| Untracked 
|  38|0x0000000782600000, 0x0000000782600000, 0x0000000782700000|  0%| F|  |TAMS 0x0000000782600000, 0x0000000782600000| Untracked 
|  39|0x0000000782700000, 0x0000000782700000, 0x0000000782800000|  0%| F|  |TAMS 0x0000000782700000, 0x0000000782700000| Untracked 
|  40|0x0000000782800000, 0x0000000782800000, 0x0000000782900000|  0%| F|  |TAMS 0x0000000782800000, 0x0000000782800000| Untracked 
|  41|0x0000000782900000, 0x0000000782900000, 0x0000000782a00000|  0%| F|  |TAMS 0x0000000782900000, 0x0000000782900000| Untracked 
|  42|0x0000000782a00000, 0x0000000782a00000, 0x0000000782b00000|  0%| F|  |TAMS 0x0000000782a00000, 0x0000000782a00000| Untracked 
|  43|0x0000000782b00000, 0x0000000782b00000, 0x0000000782c00000|  0%| F|  |TAMS 0x0000000782b00000, 0x0000000782b00000| Untracked 
|  44|0x0000000782c00000, 0x0000000782c00000, 0x0000000782d00000|  0%| F|  |TAMS 0x0000000782c00000, 0x0000000782c00000| Untracked 
|  45|0x0000000782d00000, 0x0000000782d00000, 0x0000000782e00000|  0%| F|  |TAMS 0x0000000782d00000, 0x0000000782d00000| Untracked 
|  46|0x0000000782e00000, 0x0000000782e00000, 0x0000000782f00000|  0%| F|  |TAMS 0x0000000782e00000, 0x0000000782e00000| Untracked 
|  47|0x0000000782f00000, 0x0000000782f00000, 0x0000000783000000|  0%| F|  |TAMS 0x0000000782f00000, 0x0000000782f00000| Untracked 
|  48|0x0000000783000000, 0x0000000783000000, 0x0000000783100000|  0%| F|  |TAMS 0x0000000783000000, 0x0000000783000000| Untracked 
|  49|0x0000000783100000, 0x0000000783100000, 0x0000000783200000|  0%| F|  |TAMS 0x0000000783100000, 0x0000000783100000| Untracked 
|  50|0x0000000783200000, 0x0000000783200000, 0x0000000783300000|  0%| F|  |TAMS 0x0000000783200000, 0x0000000783200000| Untracked 
|  51|0x0000000783300000, 0x0000000783300000, 0x0000000783400000|  0%| F|  |TAMS 0x0000000783300000, 0x0000000783300000| Untracked 
|  52|0x0000000783400000, 0x0000000783400000, 0x0000000783500000|  0%| F|  |TAMS 0x0000000783400000, 0x0000000783400000| Untracked 
|  53|0x0000000783500000, 0x0000000783500000, 0x0000000783600000|  0%| F|  |TAMS 0x0000000783500000, 0x0000000783500000| Untracked 
|  54|0x0000000783600000, 0x0000000783600000, 0x0000000783700000|  0%| F|  |TAMS 0x0000000783600000, 0x0000000783600000| Untracked 
|  55|0x0000000783700000, 0x0000000783700000, 0x0000000783800000|  0%| F|  |TAMS 0x0000000783700000, 0x0000000783700000| Untracked 
|  56|0x0000000783800000, 0x0000000783800000, 0x0000000783900000|  0%| F|  |TAMS 0x0000000783800000, 0x0000000783800000| Untracked 
|  57|0x0000000783900000, 0x0000000783900000, 0x0000000783a00000|  0%| F|  |TAMS 0x0000000783900000, 0x0000000783900000| Untracked 
|  58|0x0000000783a00000, 0x0000000783a00000, 0x0000000783b00000|  0%| F|  |TAMS 0x0000000783a00000, 0x0000000783a00000| Untracked 
|  59|0x0000000783b00000, 0x0000000783b00000, 0x0000000783c00000|  0%| F|  |TAMS 0x0000000783b00000, 0x0000000783b00000| Untracked 
|  60|0x0000000783c00000, 0x0000000783c00000, 0x0000000783d00000|  0%| F|  |TAMS 0x0000000783c00000, 0x0000000783c00000| Untracked 
|  61|0x0000000783d00000, 0x0000000783d00000, 0x0000000783e00000|  0%| F|  |TAMS 0x0000000783d00000, 0x0000000783d00000| Untracked 
|  62|0x0000000783e00000, 0x0000000783e00000, 0x0000000783f00000|  0%| F|  |TAMS 0x0000000783e00000, 0x0000000783e00000| Untracked 
|  63|0x0000000783f00000, 0x0000000783f00000, 0x0000000784000000|  0%| F|  |TAMS 0x0000000783f00000, 0x0000000783f00000| Untracked 
|  64|0x0000000784000000, 0x0000000784000000, 0x0000000784100000|  0%| F|  |TAMS 0x0000000784000000, 0x0000000784000000| Untracked 
|  65|0x0000000784100000, 0x0000000784100000, 0x0000000784200000|  0%| F|  |TAMS 0x0000000784100000, 0x0000000784100000| Untracked 
|  66|0x0000000784200000, 0x0000000784200000, 0x0000000784300000|  0%| F|  |TAMS 0x0000000784200000, 0x0000000784200000| Untracked 
|  67|0x0000000784300000, 0x0000000784300000, 0x0000000784400000|  0%| F|  |TAMS 0x0000000784300000, 0x0000000784300000| Untracked 
|  68|0x0000000784400000, 0x0000000784400000, 0x0000000784500000|  0%| F|  |TAMS 0x0000000784400000, 0x0000000784400000| Untracked 
|  69|0x0000000784500000, 0x0000000784500000, 0x0000000784600000|  0%| F|  |TAMS 0x0000000784500000, 0x0000000784500000| Untracked 
|  70|0x0000000784600000, 0x0000000784600000, 0x0000000784700000|  0%| F|  |TAMS 0x0000000784600000, 0x0000000784600000| Untracked 
|  71|0x0000000784700000, 0x0000000784700000, 0x0000000784800000|  0%| F|  |TAMS 0x0000000784700000, 0x0000000784700000| Untracked 
|  72|0x0000000784800000, 0x0000000784800000, 0x0000000784900000|  0%| F|  |TAMS 0x0000000784800000, 0x0000000784800000| Untracked 
|  73|0x0000000784900000, 0x0000000784900000, 0x0000000784a00000|  0%| F|  |TAMS 0x0000000784900000, 0x0000000784900000| Untracked 
|  74|0x0000000784a00000, 0x0000000784a00000, 0x0000000784b00000|  0%| F|  |TAMS 0x0000000784a00000, 0x0000000784a00000| Untracked 
|  75|0x0000000784b00000, 0x0000000784b00000, 0x0000000784c00000|  0%| F|  |TAMS 0x0000000784b00000, 0x0000000784b00000| Untracked 
|  76|0x0000000784c00000, 0x0000000784c00000, 0x0000000784d00000|  0%| F|  |TAMS 0x0000000784c00000, 0x0000000784c00000| Untracked 
|  77|0x0000000784d00000, 0x0000000784d00000, 0x0000000784e00000|  0%| F|  |TAMS 0x0000000784d00000, 0x0000000784d00000| Untracked 
|  78|0x0000000784e00000, 0x0000000784e00000, 0x0000000784f00000|  0%| F|  |TAMS 0x0000000784e00000, 0x0000000784e00000| Untracked 
|  79|0x0000000784f00000, 0x0000000784f00000, 0x0000000785000000|  0%| F|  |TAMS 0x0000000784f00000, 0x0000000784f00000| Untracked 
|  80|0x0000000785000000, 0x0000000785000000, 0x0000000785100000|  0%| F|  |TAMS 0x0000000785000000, 0x0000000785000000| Untracked 
|  81|0x0000000785100000, 0x0000000785100000, 0x0000000785200000|  0%| F|  |TAMS 0x0000000785100000, 0x0000000785100000| Untracked 
|  82|0x0000000785200000, 0x0000000785200000, 0x0000000785300000|  0%| F|  |TAMS 0x0000000785200000, 0x0000000785200000| Untracked 
|  83|0x0000000785300000, 0x0000000785300000, 0x0000000785400000|  0%| F|  |TAMS 0x0000000785300000, 0x0000000785300000| Untracked 
|  84|0x0000000785400000, 0x0000000785400000, 0x0000000785500000|  0%| F|  |TAMS 0x0000000785400000, 0x0000000785400000| Untracked 
|  85|0x0000000785500000, 0x0000000785500000, 0x0000000785600000|  0%| F|  |TAMS 0x0000000785500000, 0x0000000785500000| Untracked 
|  86|0x0000000785600000, 0x0000000785600000, 0x0000000785700000|  0%| F|  |TAMS 0x0000000785600000, 0x0000000785600000| Untracked 
|  87|0x0000000785700000, 0x0000000785700000, 0x0000000785800000|  0%| F|  |TAMS 0x0000000785700000, 0x0000000785700000| Untracked 
|  88|0x0000000785800000, 0x0000000785800000, 0x0000000785900000|  0%| F|  |TAMS 0x0000000785800000, 0x0000000785800000| Untracked 
|  89|0x0000000785900000, 0x0000000785900000, 0x0000000785a00000|  0%| F|  |TAMS 0x0000000785900000, 0x0000000785900000| Untracked 
|  90|0x0000000785a00000, 0x0000000785a00000, 0x0000000785b00000|  0%| F|  |TAMS 0x0000000785a00000, 0x0000000785a00000| Untracked 
|  91|0x0000000785b00000, 0x0000000785b00000, 0x0000000785c00000|  0%| F|  |TAMS 0x0000000785b00000, 0x0000000785b00000| Untracked 
|  92|0x0000000785c00000, 0x0000000785c00000, 0x0000000785d00000|  0%| F|  |TAMS 0x0000000785c00000, 0x0000000785c00000| Untracked 
|  93|0x0000000785d00000, 0x0000000785d00000, 0x0000000785e00000|  0%| F|  |TAMS 0x0000000785d00000, 0x0000000785d00000| Untracked 
|  94|0x0000000785e00000, 0x0000000785e00000, 0x0000000785f00000|  0%| F|  |TAMS 0x0000000785e00000, 0x0000000785e00000| Untracked 
|  95|0x0000000785f00000, 0x0000000785f00000, 0x0000000786000000|  0%| F|  |TAMS 0x0000000785f00000, 0x0000000785f00000| Untracked 
|  96|0x0000000786000000, 0x0000000786000000, 0x0000000786100000|  0%| F|  |TAMS 0x0000000786000000, 0x0000000786000000| Untracked 
|  97|0x0000000786100000, 0x0000000786100000, 0x0000000786200000|  0%| F|  |TAMS 0x0000000786100000, 0x0000000786100000| Untracked 
|  98|0x0000000786200000, 0x0000000786200000, 0x0000000786300000|  0%| F|  |TAMS 0x0000000786200000, 0x0000000786200000| Untracked 
|  99|0x0000000786300000, 0x0000000786300000, 0x0000000786400000|  0%| F|  |TAMS 0x0000000786300000, 0x0000000786300000| Untracked 
| 100|0x0000000786400000, 0x0000000786400000, 0x0000000786500000|  0%| F|  |TAMS 0x0000000786400000, 0x0000000786400000| Untracked 
| 101|0x0000000786500000, 0x0000000786500000, 0x0000000786600000|  0%| F|  |TAMS 0x0000000786500000, 0x0000000786500000| Untracked 
| 102|0x0000000786600000, 0x0000000786600000, 0x0000000786700000|  0%| F|  |TAMS 0x0000000786600000, 0x0000000786600000| Untracked 
| 103|0x0000000786700000, 0x0000000786700000, 0x0000000786800000|  0%| F|  |TAMS 0x0000000786700000, 0x0000000786700000| Untracked 
| 104|0x0000000786800000, 0x0000000786800000, 0x0000000786900000|  0%| F|  |TAMS 0x0000000786800000, 0x0000000786800000| Untracked 
| 105|0x0000000786900000, 0x0000000786900000, 0x0000000786a00000|  0%| F|  |TAMS 0x0000000786900000, 0x0000000786900000| Untracked 
| 106|0x0000000786a00000, 0x0000000786a00000, 0x0000000786b00000|  0%| F|  |TAMS 0x0000000786a00000, 0x0000000786a00000| Untracked 
| 107|0x0000000786b00000, 0x0000000786b00000, 0x0000000786c00000|  0%| F|  |TAMS 0x0000000786b00000, 0x0000000786b00000| Untracked 
| 108|0x0000000786c00000, 0x0000000786c00000, 0x0000000786d00000|  0%| F|  |TAMS 0x0000000786c00000, 0x0000000786c00000| Untracked 
| 109|0x0000000786d00000, 0x0000000786d00000, 0x0000000786e00000|  0%| F|  |TAMS 0x0000000786d00000, 0x0000000786d00000| Untracked 
| 110|0x0000000786e00000, 0x0000000786e00000, 0x0000000786f00000|  0%| F|  |TAMS 0x0000000786e00000, 0x0000000786e00000| Untracked 
| 111|0x0000000786f00000, 0x0000000786f00000, 0x0000000787000000|  0%| F|  |TAMS 0x0000000786f00000, 0x0000000786f00000| Untracked 
| 112|0x0000000787000000, 0x0000000787000000, 0x0000000787100000|  0%| F|  |TAMS 0x0000000787000000, 0x0000000787000000| Untracked 
| 113|0x0000000787100000, 0x0000000787100000, 0x0000000787200000|  0%| F|  |TAMS 0x0000000787100000, 0x0000000787100000| Untracked 
| 114|0x0000000787200000, 0x0000000787200000, 0x0000000787300000|  0%| F|  |TAMS 0x0000000787200000, 0x0000000787200000| Untracked 
| 115|0x0000000787300000, 0x0000000787400000, 0x0000000787400000|100%| E|  |TAMS 0x0000000787300000, 0x0000000787300000| Complete 
| 116|0x0000000787400000, 0x0000000787500000, 0x0000000787500000|100%| E|CS|TAMS 0x0000000787400000, 0x0000000787400000| Complete 
| 117|0x0000000787500000, 0x0000000787600000, 0x0000000787600000|100%| E|CS|TAMS 0x0000000787500000, 0x0000000787500000| Complete 
| 118|0x0000000787600000, 0x0000000787700000, 0x0000000787700000|100%| E|CS|TAMS 0x0000000787600000, 0x0000000787600000| Complete 
| 119|0x0000000787700000, 0x0000000787800000, 0x0000000787800000|100%| E|CS|TAMS 0x0000000787700000, 0x0000000787700000| Complete 
| 120|0x0000000787800000, 0x0000000787900000, 0x0000000787900000|100%| E|CS|TAMS 0x0000000787800000, 0x0000000787800000| Complete 
| 121|0x0000000787900000, 0x0000000787a00000, 0x0000000787a00000|100%| E|  |TAMS 0x0000000787900000, 0x0000000787900000| Complete 
| 122|0x0000000787a00000, 0x0000000787b00000, 0x0000000787b00000|100%| E|CS|TAMS 0x0000000787a00000, 0x0000000787a00000| Complete 
| 123|0x0000000787b00000, 0x0000000787c00000, 0x0000000787c00000|100%| E|CS|TAMS 0x0000000787b00000, 0x0000000787b00000| Complete 
| 124|0x0000000787c00000, 0x0000000787d00000, 0x0000000787d00000|100%| E|CS|TAMS 0x0000000787c00000, 0x0000000787c00000| Complete 
| 125|0x0000000787d00000, 0x0000000787e00000, 0x0000000787e00000|100%| E|CS|TAMS 0x0000000787d00000, 0x0000000787d00000| Complete 
| 126|0x0000000787e00000, 0x0000000787f00000, 0x0000000787f00000|100%| E|CS|TAMS 0x0000000787e00000, 0x0000000787e00000| Complete 
| 127|0x0000000787f00000, 0x0000000788000000, 0x0000000788000000|100%| E|CS|TAMS 0x0000000787f00000, 0x0000000787f00000| Complete 

Card table byte_map: [0x0000000124241000,0x0000000124641000] _byte_map_base: 0x0000000120641000

Marking Bits (Prev, Next): (CMBitMap*) 0x00007fe293030e18, (CMBitMap*) 0x00007fe293030e50
 Prev Bits: [0x0000000124a41000, 0x0000000126a41000)
 Next Bits: [0x0000000126a41000, 0x0000000128a41000)

Polling page: 0x0000000101012000

Metaspace:

Usage:
  Non-class:      9.12 MB capacity,     8.94 MB ( 98%) used,   168.40 KB (  2%) free+waste,    14.81 KB ( <1%) overhead. 
      Class:   1001.00 KB capacity,   935.39 KB ( 93%) used,    58.61 KB (  6%) free+waste,     7.00 KB ( <1%) overhead. 
       Both:     10.09 MB capacity,     9.85 MB ( 98%) used,   227.01 KB (  2%) free+waste,    21.81 KB ( <1%) overhead. 

Virtual space:
  Non-class space:       10.00 MB reserved,       9.25 MB ( 92%) committed 
      Class space:        1.00 GB reserved,       1.00 MB ( <1%) committed 
             Both:        1.01 GB reserved,      10.25 MB ( <1%) committed 

Chunk freelists:
   Non-Class:  56.00 KB
       Class:  23.00 KB
        Both:  79.00 KB

MaxMetaspaceSize: unlimited
CompressedClassSpaceSize: 1.00 GB
Initial GC threshold: 20.80 MB
Current GC threshold: 20.80 MB
CDS: off

CodeHeap 'non-profiled nmethods': size=120032Kb used=251Kb max_used=251Kb free=119780Kb
 bounds [0x000000011c81e000, 0x000000011ca8e000, 0x0000000123d56000]
CodeHeap 'profiled nmethods': size=120028Kb used=1381Kb max_used=1381Kb free=118646Kb
 bounds [0x00000001152e7000, 0x0000000115557000, 0x000000011c81e000]
CodeHeap 'non-nmethods': size=5700Kb used=1106Kb max_used=1121Kb free=4593Kb
 bounds [0x0000000114d56000, 0x0000000114fc6000, 0x00000001152e7000]
 total_blobs=1102 nmethods=745 adapters=272
 compilation: enabled
              stopped_count=0, restarted_count=0
 full_count=0

Compilation events (20 events):
Event: 2.375 Thread 0x00007fe292027800  739       3       java.nio.HeapByteBuffer::getShort (25 bytes)
Event: 2.376 Thread 0x00007fe292027800 nmethod 739 0x000000011543d110 code [0x000000011543d300, 0x000000011543d7c0]
Event: 2.376 Thread 0x00007fe292027800  742       3       jdk.internal.reflect.ClassFileAssembler::emitShort (24 bytes)
Event: 2.376 Thread 0x00007fe292027800 nmethod 742 0x000000011543db10 code [0x000000011543dd00, 0x000000011543dff0]
Event: 2.376 Thread 0x00007fe292027800  740       3       jdk.internal.misc.Unsafe::getShortUnaligned (12 bytes)
Event: 2.376 Thread 0x00007fe292027800 nmethod 740 0x000000011543e210 code [0x000000011543e3c0, 0x000000011543e5f0]
Event: 2.376 Thread 0x00007fe292027800  741       3       jdk.internal.misc.Unsafe::getShortUnaligned (33 bytes)
Event: 2.376 Thread 0x00007fe292027800 nmethod 741 0x000000011543e790 code [0x000000011543e960, 0x000000011543ecf0]
Event: 2.377 Thread 0x00007fe292027800  743       1       java.lang.Class::getAnnotationType (5 bytes)
Event: 2.378 Thread 0x00007fe292027800 nmethod 743 0x000000011c85a710 code [0x000000011c85a8c0, 0x000000011c85a970]
Event: 2.378 Thread 0x00007fe292027800  744       3       jdk.internal.loader.URLClassPath::getResource (74 bytes)
Event: 2.378 Thread 0x00007fe292027800 nmethod 744 0x000000011543ef10 code [0x000000011543f0e0, 0x000000011543f410]
Event: 2.380 Thread 0x00007fe292027800  746       1       java.lang.reflect.Method::getSharedParameterTypes (5 bytes)
Event: 2.381 Thread 0x00007fe292027800 nmethod 746 0x000000011c85aa10 code [0x000000011c85abc0, 0x000000011c85ac70]
Event: 2.383 Thread 0x00007fe292027800  748       3       java.lang.reflect.ProxyGenerator::dotToSlash (9 bytes)
Event: 2.383 Thread 0x00007fe292027800 nmethod 748 0x000000011543f610 code [0x000000011543f7c0, 0x000000011543f8e0]
Event: 2.388 Thread 0x00007fe292027800  750       3       java.lang.Class::getComponentType (14 bytes)
Event: 2.389 Thread 0x00007fe292027800 nmethod 750 0x000000011543fa10 code [0x000000011543fbc0, 0x000000011543fd60]
Event: 2.389 Thread 0x00007fe292027800  751       3       java.lang.StringBuilder::<init> (18 bytes)
Event: 2.389 Thread 0x00007fe292027800 nmethod 751 0x000000011543fe90 code [0x0000000115440080, 0x0000000115440350]

GC Heap History (0 events):
No events

Deoptimization events (20 events):
Event: 2.312 Thread 0x00007fe29180c800 Uncommon trap: trap_request=0xffffff4d fr.pc=0x000000011c854630 relative=0x00000000000002d0
Event: 2.312 Thread 0x00007fe29180c800 Uncommon trap: reason=unstable_if action=reinterpret pc=0x000000011c854630 method=java.util.HashMap.getNode(ILjava/lang/Object;)Ljava/util/HashMap$Node; @ 129 c2
Event: 2.312 Thread 0x00007fe29180c800 DEOPT PACKING pc=0x000000011c854630 sp=0x00000003062a8090
Event: 2.312 Thread 0x00007fe29180c800 DEOPT UNPACKING pc=0x0000000114d9fe9f sp=0x00000003062a8030 mode 2
Event: 2.312 Thread 0x00007fe29180c800 Uncommon trap: trap_request=0xffffff4d fr.pc=0x000000011c82cd4c relative=0x0000000000000d4c
Event: 2.312 Thread 0x00007fe29180c800 Uncommon trap: reason=unstable_if action=reinterpret pc=0x000000011c82cd4c method=java.util.HashMap.putVal(ILjava/lang/Object;Ljava/lang/Object;ZZ)Ljava/lang/Object; @ 181 c2
Event: 2.312 Thread 0x00007fe29180c800 DEOPT PACKING pc=0x000000011c82cd4c sp=0x00000003062a8040
Event: 2.312 Thread 0x00007fe29180c800 DEOPT UNPACKING pc=0x0000000114d9fe9f sp=0x00000003062a7fe0 mode 2
Event: 2.370 Thread 0x00007fe29180c800 Uncommon trap: trap_request=0xffffffde fr.pc=0x000000011c857c20 relative=0x0000000000000d60
Event: 2.370 Thread 0x00007fe29180c800 Uncommon trap: reason=class_check action=maybe_recompile pc=0x000000011c857c20 method=java.util.HashMap.putVal(ILjava/lang/Object;Ljava/lang/Object;ZZ)Ljava/lang/Object; @ 91 c2
Event: 2.370 Thread 0x00007fe29180c800 DEOPT PACKING pc=0x000000011c857c20 sp=0x00000003062a9fa0
Event: 2.370 Thread 0x00007fe29180c800 DEOPT UNPACKING pc=0x0000000114d9fe9f sp=0x00000003062a9ef8 mode 2
Event: 2.373 Thread 0x00007fe29180c800 Uncommon trap: trap_request=0xffffffde fr.pc=0x000000011c857c20 relative=0x0000000000000d60
Event: 2.373 Thread 0x00007fe29180c800 Uncommon trap: reason=class_check action=maybe_recompile pc=0x000000011c857c20 method=java.util.HashMap.putVal(ILjava/lang/Object;Ljava/lang/Object;ZZ)Ljava/lang/Object; @ 91 c2
Event: 2.373 Thread 0x00007fe29180c800 DEOPT PACKING pc=0x000000011c857c20 sp=0x00000003062a9fa0
Event: 2.373 Thread 0x00007fe29180c800 DEOPT UNPACKING pc=0x0000000114d9fe9f sp=0x00000003062a9ef8 mode 2
Event: 2.377 Thread 0x00007fe29180c800 Uncommon trap: trap_request=0xffffffde fr.pc=0x000000011c857c20 relative=0x0000000000000d60
Event: 2.377 Thread 0x00007fe29180c800 Uncommon trap: reason=class_check action=maybe_recompile pc=0x000000011c857c20 method=java.util.HashMap.putVal(ILjava/lang/Object;Ljava/lang/Object;ZZ)Ljava/lang/Object; @ 91 c2
Event: 2.377 Thread 0x00007fe29180c800 DEOPT PACKING pc=0x000000011c857c20 sp=0x00000003062a9fa0
Event: 2.377 Thread 0x00007fe29180c800 DEOPT UNPACKING pc=0x0000000114d9fe9f sp=0x00000003062a9ef8 mode 2

Classes redefined (0 events):
No events

Internal exceptions (4 events):
Event: 1.567 Thread 0x00007fe29180c800 Exception <a 'java/lang/NoClassDefFoundError'{0x0000000787d78938}: jdk/internal/loader/NativeLibraries> (0x0000000787d78938) thrown at [src/hotspot/share/classfile/systemDictionary.cpp, line 219]
Event: 1.570 Thread 0x00007fe29180c800 Exception <a 'java/lang/NoSuchMethodError'{0x0000000787d7a7b0}: 'java.lang.Object java.lang.invoke.DirectMethodHandle$Holder.invokeStaticInit(java.lang.Object, java.lang.Object, java.lang.Object)'> (0x0000000787d7a7b0) thrown at [src/hotspot/share/interpreter/linkResolver.cpp, line 773]
Event: 1.812 Thread 0x00007fe29180c800 Exception <a 'java/lang/NoSuchMethodError'{0x0000000787bb40b0}: 'java.lang.Object java.lang.invoke.DirectMethodHandle$Holder.invokeStaticInit(java.lang.Object, int)'> (0x0000000787bb40b0) thrown at [src/hotspot/share/interpreter/linkResolver.cpp, line 773]
Event: 2.233 Thread 0x00007fe29180c800 Exception <a 'java/lang/NoSuchMethodError'{0x00000007875f8958}: 'java.lang.Object java.lang.invoke.DirectMethodHandle$Holder.invokeVirtual(java.lang.Object, java.lang.Object, java.lang.Object)'> (0x00000007875f8958) thrown at [src/hotspot/share/interpreter/linkResolver.cpp, line 773]

Events (20 events):
Event: 2.353 loading class org/junit/jupiter/api/condition/DisabledIf
Event: 2.353 loading class org/junit/jupiter/api/condition/DisabledIf done
Event: 2.355 loading class org/junit/jupiter/api/condition/DisabledIfCondition
Event: 2.355 loading class org/junit/jupiter/api/condition/DisabledIfCondition done
Event: 2.364 loading class org/junit/jupiter/api/condition/MethodBasedCondition
Event: 2.364 loading class org/junit/jupiter/api/condition/MethodBasedCondition done
Event: 2.370 loading class org/junit/jupiter/api/condition/EnabledIf
Event: 2.370 loading class org/junit/jupiter/api/condition/EnabledIf done
Event: 2.372 loading class org/junit/jupiter/api/condition/EnabledIfCondition
Event: 2.372 loading class org/junit/jupiter/api/condition/EnabledIfCondition done
Event: 2.374 loading class org/junit/jupiter/api/Disabled
Event: 2.374 loading class org/junit/jupiter/api/Disabled done
Event: 2.378 loading class org/junit/jupiter/api/Test
Event: 2.378 loading class org/junit/jupiter/api/Test done
Event: 2.379 loading class org/junit/platform/commons/annotation/Testable
Event: 2.379 loading class org/junit/platform/commons/annotation/Testable done
Event: 2.388 loading class java/util/LinkedHashMap$LinkedEntrySet
Event: 2.389 loading class java/util/LinkedHashMap$LinkedEntrySet done
Event: 2.389 loading class java/util/LinkedHashMap$LinkedEntryIterator
Event: 2.389 loading class java/util/LinkedHashMap$LinkedEntryIterator done


Dynamic libraries:
0x0000000109644000 	/Users/jojunbeom/Library/Java/JavaVirtualMachines/corretto-11.0.14.1/Contents/Home/lib/jli/libjli.dylib
0x00007ff817998000 	/System/Library/Frameworks/Cocoa.framework/Versions/A/Cocoa
0x00007ff803239000 	/System/Library/Frameworks/AppKit.framework/Versions/C/AppKit
0x00007ff806789000 	/System/Library/Frameworks/CoreData.framework/Versions/A/CoreData
0x00007ff801654000 	/System/Library/Frameworks/Foundation.framework/Versions/C/Foundation
0x00007ff80ba7c000 	/usr/lib/libSystem.B.dylib
0x00007ff8040c6000 	/System/Library/PrivateFrameworks/UIFoundation.framework/Versions/A/UIFoundation
0x00007ff811970000 	/System/Library/PrivateFrameworks/RemoteViewServices.framework/Versions/A/RemoteViewServices
0x00007ff809c6f000 	/System/Library/PrivateFrameworks/XCTTargetBootstrap.framework/Versions/A/XCTTargetBootstrap
0x00007ff80d947000 	/System/Library/PrivateFrameworks/InternationalSupport.framework/Versions/A/InternationalSupport
0x00007ff80d9d1000 	/System/Library/PrivateFrameworks/UserActivity.framework/Versions/A/UserActivity
0x00007ff80cd2e000 	/usr/lib/libspindump.dylib
0x00007ff804354000 	/System/Library/Frameworks/UniformTypeIdentifiers.framework/Versions/A/UniformTypeIdentifiers
0x00007ff8083ae000 	/usr/lib/libapp_launch_measurement.dylib
0x00007ff807163000 	/System/Library/PrivateFrameworks/CoreAnalytics.framework/Versions/A/CoreAnalytics
0x00007ff8083b1000 	/System/Library/PrivateFrameworks/CoreAutoLayout.framework/Versions/A/CoreAutoLayout
0x00007ff8095d0000 	/System/Library/Frameworks/Metal.framework/Versions/A/Metal
0x00007ff80a2e7000 	/usr/lib/liblangid.dylib
0x00007ff809c73000 	/System/Library/PrivateFrameworks/CoreSVG.framework/Versions/A/CoreSVG
0x00007ff805716000 	/System/Library/PrivateFrameworks/SkyLight.framework/Versions/A/SkyLight
0x00007ff805aa7000 	/System/Library/Frameworks/CoreGraphics.framework/Versions/A/CoreGraphics
0x00007ff811fdb000 	/System/Library/Frameworks/Accelerate.framework/Versions/A/Accelerate
0x00007ff80c7a9000 	/System/Library/PrivateFrameworks/IconServices.framework/Versions/A/IconServices
0x00007ff8095b5000 	/System/Library/Frameworks/IOSurface.framework/Versions/A/IOSurface
0x00007ff807191000 	/usr/lib/libDiagnosticMessagesClient.dylib
0x00007ff80b996000 	/usr/lib/libz.1.dylib
0x00007ff81563a000 	/System/Library/Frameworks/ApplicationServices.framework/Versions/A/ApplicationServices
0x00007ff809c5b000 	/System/Library/PrivateFrameworks/DFRFoundation.framework/Versions/A/DFRFoundation
0x00007ff802b2a000 	/usr/lib/libicucore.A.dylib
0x00007ff80e669000 	/System/Library/Frameworks/AudioToolbox.framework/Versions/A/AudioToolbox
0x00007ff80d953000 	/System/Library/PrivateFrameworks/DataDetectorsCore.framework/Versions/A/DataDetectorsCore
0x00007ff9090e8000 	/System/Library/PrivateFrameworks/TextInput.framework/Versions/A/TextInput
0x00007ff805699000 	/usr/lib/libMobileGestalt.dylib
0x00007ff809963000 	/System/Library/Frameworks/Carbon.framework/Versions/A/Frameworks/HIToolbox.framework/Versions/A/HIToolbox
0x00007ff807ddc000 	/System/Library/Frameworks/QuartzCore.framework/Versions/A/QuartzCore
0x00007ff8027cb000 	/System/Library/Frameworks/Security.framework/Versions/A/Security
0x00007ff8119a8000 	/System/Library/Frameworks/Carbon.framework/Versions/A/Frameworks/SpeechRecognition.framework/Versions/A/SpeechRecognition
0x00007ff80810e000 	/System/Library/PrivateFrameworks/CoreUI.framework/Versions/A/CoreUI
0x00007ff8020a5000 	/System/Library/Frameworks/CoreAudio.framework/Versions/A/CoreAudio
0x00007ff80727f000 	/System/Library/Frameworks/DiskArbitration.framework/Versions/A/DiskArbitration
0x00007ff80d111000 	/System/Library/PrivateFrameworks/MultitouchSupport.framework/Versions/A/MultitouchSupport
0x00007ff805698000 	/usr/lib/libenergytrace.dylib
0x00007ff803125000 	/System/Library/Frameworks/IOKit.framework/Versions/A/IOKit
0x00007ff811d92000 	/System/Library/Frameworks/CoreServices.framework/Versions/A/CoreServices
0x00007ff808348000 	/System/Library/PrivateFrameworks/PerformanceAnalysis.framework/Versions/A/PerformanceAnalysis
0x00007ffa18b57000 	/System/Library/Frameworks/OpenGL.framework/Versions/A/OpenGL
0x00007ff80afce000 	/System/Library/PrivateFrameworks/MobileKeyBag.framework/Versions/A/MobileKeyBag
0x00007ff8006ec000 	/usr/lib/libobjc.A.dylib
0x00007ff8061d6000 	/System/Library/Frameworks/ColorSync.framework/Versions/A/ColorSync
0x00007ff8008a8000 	/System/Library/Frameworks/CoreFoundation.framework/Versions/A/CoreFoundation
0x00007ff809eee000 	/System/Library/Frameworks/CoreImage.framework/Versions/A/CoreImage
0x00007ff801ebb000 	/System/Library/Frameworks/CoreText.framework/Versions/A/CoreText
0x00007ff809ca2000 	/System/Library/Frameworks/ImageIO.framework/Versions/A/ImageIO
0x00007ff80ba82000 	/System/Library/PrivateFrameworks/SoftLinking.framework/Versions/A/SoftLinking
0x00007ff8083f9000 	/usr/lib/libxml2.2.dylib
0x00007ff8007b5000 	/usr/lib/libc++.1.dylib
0x00007ff80bd02000 	/usr/lib/libcompression.dylib
0x00007ff80d87d000 	/System/Library/PrivateFrameworks/TextureIO.framework/Versions/A/TextureIO
0x00007ff80c422000 	/usr/lib/libate.dylib
0x00007ff80ba77000 	/usr/lib/system/libcache.dylib
0x00007ff80ba33000 	/usr/lib/system/libcommonCrypto.dylib
0x00007ff80ba5c000 	/usr/lib/system/libcompiler_rt.dylib
0x00007ff80ba52000 	/usr/lib/system/libcopyfile.dylib
0x00007ff8005e6000 	/usr/lib/system/libcorecrypto.dylib
0x00007ff8006a5000 	/usr/lib/system/libdispatch.dylib
0x00007ff800867000 	/usr/lib/system/libdyld.dylib
0x00007ff80ba6e000 	/usr/lib/system/libkeymgr.dylib
0x00007ff80ba11000 	/usr/lib/system/libmacho.dylib
0x00007ff80b0a2000 	/usr/lib/system/libquarantine.dylib
0x00007ff80ba6c000 	/usr/lib/system/libremovefile.dylib
0x00007ff8056e5000 	/usr/lib/system/libsystem_asl.dylib
0x00007ff800594000 	/usr/lib/system/libsystem_blocks.dylib
0x00007ff80072c000 	/usr/lib/system/libsystem_c.dylib
0x00007ff80ba64000 	/usr/lib/system/libsystem_collections.dylib
0x00007ff80a2d8000 	/usr/lib/system/libsystem_configuration.dylib
0x00007ff809598000 	/usr/lib/system/libsystem_containermanager.dylib
0x00007ff80b74a000 	/usr/lib/system/libsystem_coreservices.dylib
0x00007ff802db3000 	/usr/lib/system/libsystem_darwin.dylib
0x00007ff80ba6f000 	/usr/lib/system/libsystem_dnssd.dylib
0x00007ff800729000 	/usr/lib/system/libsystem_featureflags.dylib
0x00007ff80087d000 	/usr/lib/system/libsystem_info.dylib
0x00007ff80b9a9000 	/usr/lib/system/libsystem_m.dylib
0x00007ff800679000 	/usr/lib/system/libsystem_malloc.dylib
0x00007ff805682000 	/usr/lib/system/libsystem_networkextension.dylib
0x00007ff8031db000 	/usr/lib/system/libsystem_notify.dylib
0x00007ff811c69000 	/usr/lib/system/libsystem_product_info_filter.dylib
0x00007ff80a2dc000 	/usr/lib/system/libsystem_sandbox.dylib
0x00007ff80ba69000 	/usr/lib/system/libsystem_secinit.dylib
0x00007ff800824000 	/usr/lib/system/libsystem_kernel.dylib
0x00007ff800873000 	/usr/lib/system/libsystem_platform.dylib
0x00007ff80085b000 	/usr/lib/system/libsystem_pthread.dylib
0x00007ff806fa9000 	/usr/lib/system/libsystem_symptoms.dylib
0x00007ff8005cd000 	/usr/lib/system/libsystem_trace.dylib
0x00007ff80ba3f000 	/usr/lib/system/libunwind.dylib
0x00007ff800596000 	/usr/lib/system/libxpc.dylib
0x00007ff80080e000 	/usr/lib/libc++abi.dylib
0x00007ff80ba4a000 	/usr/lib/liboah.dylib
0x00007ff80c1db000 	/usr/lib/liblzma.5.dylib
0x00007ff801365000 	/System/Library/Frameworks/SystemConfiguration.framework/Versions/A/SystemConfiguration
0x00007ff80ba7e000 	/usr/lib/libfakelink.dylib
0x00007ff8051ec000 	/System/Library/Frameworks/CFNetwork.framework/Versions/A/CFNetwork
0x00007ff80bbbd000 	/usr/lib/libarchive.2.dylib
0x00007ff80a2e3000 	/System/Library/PrivateFrameworks/AppleSystemInfo.framework/Versions/A/AppleSystemInfo
0x00007ff80b0c8000 	/usr/lib/libbsm.0.dylib
0x00007ff804823000 	/usr/lib/libnetwork.dylib
0x00007ff80ba17000 	/usr/lib/system/libkxld.dylib
0x00007ff80acf7000 	/System/Library/PrivateFrameworks/IOMobileFramebuffer.framework/Versions/A/IOMobileFramebuffer
0x00007ffb164f9000 	/usr/lib/libCoreEntitlements.dylib
0x00007ff80b72c000 	/System/Library/PrivateFrameworks/AppleFSCompression.framework/Versions/A/AppleFSCompression
0x00007ff80b0b1000 	/usr/lib/libcoretls.dylib
0x00007ff80c1f5000 	/usr/lib/libcoretls_cfhelpers.dylib
0x00007ff80bcfd000 	/usr/lib/libpam.2.dylib
0x00007ff806bcf000 	/usr/lib/libsqlite3.dylib
0x00007ff80c264000 	/usr/lib/libxar.1.dylib
0x00007ff80b73c000 	/usr/lib/libbz2.1.0.dylib
0x00007ff80ba83000 	/usr/lib/libpcap.A.dylib
0x00007ff806fa0000 	/usr/lib/libdns_services.dylib
0x00007ff80bccf000 	/usr/lib/libapple_nghttp2.dylib
0x00007ff80baba000 	/usr/lib/libiconv.2.dylib
0x00007ff80ba10000 	/usr/lib/libcharset.1.dylib
0x00007ff80837c000 	/System/Library/Frameworks/CoreServices.framework/Versions/A/Frameworks/FSEvents.framework/Versions/A/FSEvents
0x00007ff802dbd000 	/System/Library/Frameworks/CoreServices.framework/Versions/A/Frameworks/CarbonCore.framework/Versions/A/CarbonCore
0x00007ff8071e4000 	/System/Library/Frameworks/CoreServices.framework/Versions/A/Frameworks/Metadata.framework/Versions/A/Metadata
0x00007ff80b74f000 	/System/Library/Frameworks/CoreServices.framework/Versions/A/Frameworks/OSServices.framework/Versions/A/OSServices
0x00007ff80bc43000 	/System/Library/Frameworks/CoreServices.framework/Versions/A/Frameworks/SearchKit.framework/Versions/A/SearchKit
0x00007ff806f32000 	/System/Library/Frameworks/CoreServices.framework/Versions/A/Frameworks/AE.framework/Versions/A/AE
0x00007ff800da9000 	/System/Library/Frameworks/CoreServices.framework/Versions/A/Frameworks/LaunchServices.framework/Versions/A/LaunchServices
0x00007ff80c18c000 	/System/Library/Frameworks/CoreServices.framework/Versions/A/Frameworks/DictionaryServices.framework/Versions/A/DictionaryServices
0x00007ff808389000 	/System/Library/Frameworks/CoreServices.framework/Versions/A/Frameworks/SharedFileList.framework/Versions/A/SharedFileList
0x00007ff80b0a5000 	/usr/lib/libCheckFix.dylib
0x00007ff8056fc000 	/System/Library/PrivateFrameworks/TCC.framework/Versions/A/TCC
0x00007ff80a2e9000 	/System/Library/PrivateFrameworks/CoreNLP.framework/Versions/A/CoreNLP
0x00007ff807194000 	/System/Library/PrivateFrameworks/MetadataUtilities.framework/Versions/A/MetadataUtilities
0x00007ff801415000 	/usr/lib/libmecabra.dylib
0x00007ff80b0d8000 	/usr/lib/libmecab.dylib
0x00007ff8013e0000 	/usr/lib/libCRFSuite.dylib
0x00007ff80b135000 	/usr/lib/libgermantok.dylib
0x00007ff80bcaa000 	/usr/lib/libThaiTokenizer.dylib
0x00007ff807286000 	/System/Library/Frameworks/Accelerate.framework/Versions/A/Frameworks/vImage.framework/Versions/A/vImage
0x00007ff811d69000 	/System/Library/Frameworks/Accelerate.framework/Versions/A/Frameworks/vecLib.framework/Versions/A/vecLib
0x00007ff80c2a5000 	/System/Library/Frameworks/Accelerate.framework/Versions/A/Frameworks/vecLib.framework/Versions/A/libvMisc.dylib
0x00007ff80aaeb000 	/System/Library/Frameworks/Accelerate.framework/Versions/A/Frameworks/vecLib.framework/Versions/A/libvDSP.dylib
0x00007ff801121000 	/System/Library/Frameworks/Accelerate.framework/Versions/A/Frameworks/vecLib.framework/Versions/A/libBLAS.dylib
0x00007ff80bddf000 	/System/Library/Frameworks/Accelerate.framework/Versions/A/Frameworks/vecLib.framework/Versions/A/libLAPACK.dylib
0x00007ff80b138000 	/System/Library/Frameworks/Accelerate.framework/Versions/A/Frameworks/vecLib.framework/Versions/A/libLinearAlgebra.dylib
0x00007ff80bce8000 	/System/Library/Frameworks/Accelerate.framework/Versions/A/Frameworks/vecLib.framework/Versions/A/libSparseBLAS.dylib
0x00007ff80bdd9000 	/System/Library/Frameworks/Accelerate.framework/Versions/A/Frameworks/vecLib.framework/Versions/A/libQuadrature.dylib
0x00007ff80a3d3000 	/System/Library/Frameworks/Accelerate.framework/Versions/A/Frameworks/vecLib.framework/Versions/A/libBNNS.dylib
0x00007ff8012f6000 	/System/Library/Frameworks/Accelerate.framework/Versions/A/Frameworks/vecLib.framework/Versions/A/libSparse.dylib
0x00007ff80a3cc000 	/System/Library/PrivateFrameworks/LinguisticData.framework/Versions/A/LinguisticData
0x00007ff8012ab000 	/System/Library/PrivateFrameworks/Lexicon.framework/Versions/A/Lexicon
0x00007ff80c29e000 	/usr/lib/libChineseTokenizer.dylib
0x00007ff801a0f000 	/System/Library/PrivateFrameworks/LanguageModeling.framework/Versions/A/LanguageModeling
0x00007ff80bcac000 	/System/Library/PrivateFrameworks/AppleSauce.framework/Versions/A/AppleSauce
0x00007ff80ace5000 	/System/Library/PrivateFrameworks/CoreEmoji.framework/Versions/A/CoreEmoji
0x00007ff80bbac000 	/usr/lib/libcmph.dylib
0x00007ff808360000 	/System/Library/Frameworks/OpenDirectory.framework/Versions/A/Frameworks/CFOpenDirectory.framework/Versions/A/CFOpenDirectory
0x00007ff808354000 	/System/Library/Frameworks/OpenDirectory.framework/Versions/A/OpenDirectory
0x00007ff80c1f7000 	/System/Library/PrivateFrameworks/APFS.framework/Versions/A/APFS
0x00007ff80b006000 	/System/Library/Frameworks/SecurityFoundation.framework/Versions/A/SecurityFoundation
0x00007ff80c272000 	/usr/lib/libutil.dylib
0x00007ff8030e8000 	/System/Library/PrivateFrameworks/CoreServicesStore.framework/Versions/A/CoreServicesStore
0x00007ff80c276000 	/usr/lib/libxslt.1.dylib
0x00007ff80b093000 	/System/Library/PrivateFrameworks/BackgroundTaskManagement.framework/Versions/A/BackgroundTaskManagement
0x00007ff80d79f000 	/System/Library/Frameworks/ImageIO.framework/Versions/A/Resources/libRadiance.dylib
0x00007ff80d7a8000 	/System/Library/Frameworks/ImageIO.framework/Versions/A/Resources/libJPEG.dylib
0x00007ff80d6f9000 	/System/Library/Frameworks/ImageIO.framework/Versions/A/Resources/libPng.dylib
0x00007ff80d71a000 	/System/Library/Frameworks/ImageIO.framework/Versions/A/Resources/libTIFF.dylib
0x00007ff80d806000 	/System/Library/Frameworks/ImageIO.framework/Versions/A/Resources/libGIF.dylib
0x00007ff80d02e000 	/System/Library/Frameworks/ImageIO.framework/Versions/A/Resources/libJP2.dylib
0x00007ff80c770000 	/usr/lib/libexpat.1.dylib
0x00007ff80cfe3000 	/System/Library/PrivateFrameworks/AppleJPEG.framework/Versions/A/AppleJPEG
0x00007ff80982a000 	/System/Library/PrivateFrameworks/FontServices.framework/libFontParser.dylib
0x00007ff806edc000 	/System/Library/PrivateFrameworks/RunningBoardServices.framework/Versions/A/RunningBoardServices
0x00007ff817f09000 	/System/Library/PrivateFrameworks/IOSurfaceAccelerator.framework/Versions/A/IOSurfaceAccelerator
0x00007ff80d10d000 	/System/Library/PrivateFrameworks/WatchdogClient.framework/Versions/A/WatchdogClient
0x00007ff801afe000 	/System/Library/Frameworks/CoreDisplay.framework/Versions/A/CoreDisplay
0x00007ff80972a000 	/System/Library/Frameworks/CoreMedia.framework/Versions/A/CoreMedia
0x00007ff8095c7000 	/System/Library/PrivateFrameworks/IOAccelerator.framework/Versions/A/IOAccelerator
0x00007ff8084dc000 	/System/Library/Frameworks/CoreVideo.framework/Versions/A/CoreVideo
0x00007ff80bcfb000 	/System/Library/Frameworks/MetalPerformanceShaders.framework/Versions/A/MetalPerformanceShaders
0x00007ff80d148000 	/System/Library/Frameworks/VideoToolbox.framework/Versions/A/VideoToolbox
0x00007ff806e24000 	/System/Library/PrivateFrameworks/BaseBoard.framework/Versions/A/BaseBoard
0x00007ff806bb5000 	/System/Library/PrivateFrameworks/ProtocolBuffer.framework/Versions/A/ProtocolBuffer
0x00007ff80d798000 	/System/Library/PrivateFrameworks/GPUWrangler.framework/Versions/A/GPUWrangler
0x00007ff80d77b000 	/System/Library/PrivateFrameworks/IOPresentment.framework/Versions/A/IOPresentment
0x00007ff80d7a2000 	/System/Library/PrivateFrameworks/DSExternalDisplay.framework/Versions/A/DSExternalDisplay
0x00007ffa18b4b000 	/System/Library/Frameworks/OpenGL.framework/Versions/A/Libraries/libCoreFSCache.dylib
0x00007ffb04af8000 	/System/Library/PrivateFrameworks/GPUCompiler.framework/Versions/31001/Libraries/libGPUCompilerUtils.dylib
0x00007ff80d80b000 	/System/Library/PrivateFrameworks/CMCaptureCore.framework/Versions/A/CMCaptureCore
0x00007ff80cd1c000 	/System/Library/PrivateFrameworks/AppServerSupport.framework/Versions/A/AppServerSupport
0x00007ff80eee6000 	/System/Library/PrivateFrameworks/perfdata.framework/Versions/A/perfdata
0x00007ff801c2a000 	/System/Library/PrivateFrameworks/AudioToolboxCore.framework/Versions/A/AudioToolboxCore
0x00007ff809707000 	/System/Library/PrivateFrameworks/caulk.framework/Versions/A/caulk
0x00007ff80e813000 	/usr/lib/libAudioStatistics.dylib
0x00007ff9059a7000 	/System/Library/PrivateFrameworks/SystemPolicy.framework/Versions/A/SystemPolicy
0x00007ff80ea5f000 	/usr/lib/libSMC.dylib
0x00007ff81784b000 	/System/Library/Frameworks/CoreMIDI.framework/Versions/A/CoreMIDI
0x00007ff80d6c9000 	/usr/lib/libAudioToolboxUtility.dylib
0x00007ff901e2f000 	/System/Library/PrivateFrameworks/OSAServicesClient.framework/Versions/A/OSAServicesClient
0x00007ff80eef3000 	/usr/lib/libperfcheck.dylib
0x00007ff906433000 	/usr/lib/libmis.dylib
0x00007ffa18ba7000 	/System/Library/Frameworks/OpenGL.framework/Versions/A/Libraries/libGLU.dylib
0x00007ffa18b6a000 	/System/Library/Frameworks/OpenGL.framework/Versions/A/Libraries/libGFXShared.dylib
0x00007ffa18d78000 	/System/Library/Frameworks/OpenGL.framework/Versions/A/Libraries/libGL.dylib
0x00007ffa18b73000 	/System/Library/Frameworks/OpenGL.framework/Versions/A/Libraries/libGLImage.dylib
0x00007ffa18b67000 	/System/Library/Frameworks/OpenGL.framework/Versions/A/Libraries/libCVMSPluginSupport.dylib
0x00007ffa18b52000 	/System/Library/Frameworks/OpenGL.framework/Versions/A/Libraries/libCoreVMClient.dylib
0x00007ff80a267000 	/System/Library/Frameworks/MetalPerformanceShaders.framework/Versions/A/Frameworks/MPSCore.framework/Versions/A/MPSCore
0x00007ff80b697000 	/System/Library/Frameworks/MetalPerformanceShaders.framework/Versions/A/Frameworks/MPSImage.framework/Versions/A/MPSImage
0x00007ff80b14e000 	/System/Library/Frameworks/MetalPerformanceShaders.framework/Versions/A/Frameworks/MPSNeuralNetwork.framework/Versions/A/MPSNeuralNetwork
0x00007ff80b5c3000 	/System/Library/Frameworks/MetalPerformanceShaders.framework/Versions/A/Frameworks/MPSMatrix.framework/Versions/A/MPSMatrix
0x00007ff80b37f000 	/System/Library/Frameworks/MetalPerformanceShaders.framework/Versions/A/Frameworks/MPSRayIntersector.framework/Versions/A/MPSRayIntersector
0x00007ff80b5fc000 	/System/Library/Frameworks/MetalPerformanceShaders.framework/Versions/A/Frameworks/MPSNDArray.framework/Versions/A/MPSNDArray
0x00007ffa1d750000 	/System/Library/Frameworks/MetalPerformanceShaders.framework/Versions/A/Frameworks/MPSFunctions.framework/Versions/A/MPSFunctions
0x00007ff801004000 	/System/Library/PrivateFrameworks/MetalTools.framework/Versions/A/MetalTools
0x00007ff80a2e1000 	/System/Library/PrivateFrameworks/AggregateDictionary.framework/Versions/A/AggregateDictionary
0x00007ff80c552000 	/usr/lib/libIOReport.dylib
0x00007ffa1a187000 	/System/Library/Frameworks/OpenCL.framework/Versions/A/OpenCL
0x00007ff80c8b6000 	/System/Library/PrivateFrameworks/FaceCore.framework/Versions/A/FaceCore
0x00007ff80c8a7000 	/System/Library/PrivateFrameworks/GraphVisualizer.framework/Versions/A/GraphVisualizer
0x00007ffb04a03000 	/System/Library/PrivateFrameworks/FontServices.framework/Versions/A/FontServices
0x00007ff80ccd3000 	/System/Library/PrivateFrameworks/OTSVG.framework/Versions/A/OTSVG
0x00007ff8080c4000 	/System/Library/Frameworks/ApplicationServices.framework/Versions/A/Frameworks/ATS.framework/Versions/A/Resources/libFontRegistry.dylib
0x00007ff80cd24000 	/System/Library/PrivateFrameworks/FontServices.framework/libhvf.dylib
0x00007ffb04a04000 	/System/Library/PrivateFrameworks/FontServices.framework/libXTFontStaticRegistryData.dylib
0x00007ff80c720000 	/System/Library/PrivateFrameworks/AppleVA.framework/Versions/A/AppleVA
0x00007ff80e833000 	/System/Library/Frameworks/ApplicationServices.framework/Versions/A/Frameworks/ATS.framework/Versions/A/ATS
0x00007ff8062d2000 	/System/Library/Frameworks/ApplicationServices.framework/Versions/A/Frameworks/HIServices.framework/Versions/A/HIServices
0x00007ff80d815000 	/System/Library/Frameworks/ApplicationServices.framework/Versions/A/Frameworks/PrintCore.framework/Versions/A/PrintCore
0x00007ff80ebb2000 	/System/Library/Frameworks/ApplicationServices.framework/Versions/A/Frameworks/QD.framework/Versions/A/QD
0x00007ff80ebaa000 	/System/Library/Frameworks/ApplicationServices.framework/Versions/A/Frameworks/ColorSyncLegacy.framework/Versions/A/ColorSyncLegacy
0x00007ff80e823000 	/System/Library/Frameworks/ApplicationServices.framework/Versions/A/Frameworks/SpeechSynthesis.framework/Versions/A/SpeechSynthesis
0x00007ff80d7d6000 	/System/Library/Frameworks/ApplicationServices.framework/Versions/A/Frameworks/ATSUI.framework/Versions/A/ATSUI
0x00007ff80eb3f000 	/usr/lib/libcups.2.dylib
0x00007ff80ef02000 	/System/Library/Frameworks/Kerberos.framework/Versions/A/Kerberos
0x00007ff80ef11000 	/System/Library/Frameworks/GSS.framework/Versions/A/GSS
0x00007ff80e89f000 	/usr/lib/libresolv.9.dylib
0x00007ff80cd33000 	/System/Library/PrivateFrameworks/Heimdal.framework/Versions/A/Heimdal
0x00007ff8159b5000 	/System/Library/Frameworks/Kerberos.framework/Versions/A/Libraries/libHeimdalProxy.dylib
0x00007ff806fb1000 	/System/Library/Frameworks/Network.framework/Versions/A/Network
0x00007ff80c78a000 	/usr/lib/libheimdal-asn1.dylib
0x00007ff80ef5c000 	/System/Library/PrivateFrameworks/CommonAuth.framework/Versions/A/CommonAuth
0x00007ff80e7a4000 	/System/Library/PrivateFrameworks/AudioSession.framework/Versions/A/AudioSession
0x00007ff80c81a000 	/System/Library/PrivateFrameworks/MediaExperience.framework/Versions/A/MediaExperience
0x00007ff80e638000 	/System/Library/PrivateFrameworks/AudioSession.framework/libSessionUtility.dylib
0x00007ff80ebbe000 	/System/Library/PrivateFrameworks/AudioResourceArbitration.framework/Versions/A/AudioResourceArbitration
0x00007ff80c793000 	/System/Library/PrivateFrameworks/IconFoundation.framework/Versions/A/IconFoundation
0x00007ff811998000 	/System/Library/PrivateFrameworks/SpeechRecognitionCore.framework/Versions/A/SpeechRecognitionCore
0x00007ffa09ffa000 	/System/Library/CoreServices/Encodings/libKoreanConverter.dylib
0x000000010a447000 	/Users/jojunbeom/Library/Java/JavaVirtualMachines/corretto-11.0.14.1/Contents/Home/lib/server/libjvm.dylib
0x0000000109728000 	/Users/jojunbeom/Library/Java/JavaVirtualMachines/corretto-11.0.14.1/Contents/Home/lib/libverify.dylib
0x0000000109750000 	/Users/jojunbeom/Library/Java/JavaVirtualMachines/corretto-11.0.14.1/Contents/Home/lib/libjava.dylib
0x00000001096be000 	/Users/jojunbeom/Library/Java/JavaVirtualMachines/corretto-11.0.14.1/Contents/Home/lib/libjimage.dylib
0x00000001097cf000 	/Users/jojunbeom/Library/Java/JavaVirtualMachines/corretto-11.0.14.1/Contents/Home/lib/libinstrument.dylib
0x000000010988a000 	/private/var/folders/k6/dkc35rrd3kvf4z8xbpc5z4zh0000gn/T/libasyncProfiler.so
0x000000010984a000 	/Users/jojunbeom/Library/Java/JavaVirtualMachines/corretto-11.0.14.1/Contents/Home/lib/libzip.dylib
0x000000012d0c8000 	/Users/jojunbeom/Library/Java/JavaVirtualMachines/corretto-11.0.14.1/Contents/Home/lib/libnio.dylib
0x000000012d118000 	/Users/jojunbeom/Library/Java/JavaVirtualMachines/corretto-11.0.14.1/Contents/Home/lib/libnet.dylib
0x00000001096f5000 	/Users/jojunbeom/Library/Java/JavaVirtualMachines/corretto-11.0.14.1/Contents/Home/lib/libextnet.dylib


VM Arguments:
jvm_args: -ea -Didea.test.cyclic.buffer.size=1048576 -javaagent:/Applications/IntelliJ IDEA.app/Contents/lib/idea_rt.jar=64511:/Applications/IntelliJ IDEA.app/Contents/bin -agentpath:/private/var/folders/k6/dkc35rrd3kvf4z8xbpc5z4zh0000gn/T/libasyncProfiler.so=start,jfr,event=cpu,interval=1ms,event=alloc,file=/Users/jojunbeom/MemoryBoardRepository2Test_update_2022_08_10_171619.jfr -Dfile.encoding=UTF-8 
java_command: com.intellij.rt.junit.JUnitStarter -ideVersion5 -junit5 com.example.SpringFramework.board.repository.MemoryBoardRepository2Test,update
java_class_path (initial): /Users/jojunbeom/.m2/repository/org/junit/platform/junit-platform-launcher/1.8.2/junit-platform-launcher-1.8.2.jar:/Users/jojunbeom/.m2/repository/org/junit/platform/junit-platform-engine/1.8.2/junit-platform-engine-1.8.2.jar:/Users/jojunbeom/.m2/repository/org/opentest4j/opentest4j/1.2.0/opentest4j-1.2.0.jar:/Users/jojunbeom/.m2/repository/org/junit/platform/junit-platform-commons/1.8.2/junit-platform-commons-1.8.2.jar:/Users/jojunbeom/.m2/repository/org/apiguardian/apiguardian-api/1.1.2/apiguardian-api-1.1.2.jar:/Applications/IntelliJ IDEA.app/Contents/lib/idea_rt.jar:/Applications/IntelliJ IDEA.app/Contents/plugins/junit/lib/junit5-rt.jar:/Applications/IntelliJ IDEA.app/Contents/plugins/junit/lib/junit-rt.jar:/Users/jojunbeom/Downloads/SpringFramework.board/out/test/classes:/Users/jojunbeom/Downloads/SpringFramework.board/out/production/classes:/Users/jojunbeom/Downloads/SpringFramework.board/out/production/resources:/Users/jojunbeom/.gradle/caches/modules-2/files-2.1/org.springframework.boot/spring-boot-starter-thymeleaf/2.7.2/779a3a47e81fdd72301c6ebec818eb81b9c7709/spring-boot-starter-thymeleaf-2.7.2.jar:/Users/jojunbeom/.gradle/caches/modules-2/files-2.1/org.springframework.boot/spring-boot-starter-web/2.7.2/dd8a77a26900a86d9962598cbbd360f6b69bab5e/spring-boot-starter-web-2.7.2.jar:/Users/jojunbeom/.gradle/caches/modules-2/files-2.1/org.springframework.boot/spring-boot-starter-test/2.7.2/2466f00b26fcece78b6d7c6d7772de0c0f66947c/spring-boot-starter-test-2.7.2.jar:/Users/jojunbeom/.gradle/caches/modules-2/files-2.1/org.springframework.boot/spring-boot-starter/2.7.2/12f0da08b8120adcd137073ad08767f2d60e6cc3/spring-boot-starter-2.7.2.jar:/Users/jojunbeom/.gradle/caches/modules-2/files-2.1/org.thymeleaf/thymeleaf-spring5/3.0.15.RELEASE/7170e1bcd1588d38c139f7048ebcc262676441c3/thymeleaf-spring5-3.0.15.RELEASE.jar:/Users/jojunbeom/.gradle/caches/modules-2/files-2.1/org.thymeleaf.extras/thymeleaf-extras-java8time/3.0.4.RELEASE/36e7175ddce36
Launcher Type: SUN_STANDARD

[Global flags]
     intx CICompilerCount                          = 4                                         {product} {ergonomic}
     uint ConcGCThreads                            = 2                                         {product} {ergonomic}
     uint G1ConcRefinementThreads                  = 8                                         {product} {ergonomic}
   size_t G1HeapRegionSize                         = 1048576                                   {product} {ergonomic}
    uintx GCDrainStackTargetSize                   = 64                                        {product} {ergonomic}
   size_t InitialHeapSize                          = 134217728                                 {product} {ergonomic}
   size_t MarkStackSize                            = 4194304                                   {product} {ergonomic}
   size_t MaxHeapSize                              = 2147483648                                {product} {ergonomic}
   size_t MaxNewSize                               = 1287651328                                {product} {ergonomic}
   size_t MinHeapDeltaBytes                        = 1048576                                   {product} {ergonomic}
    uintx NonNMethodCodeHeapSize                   = 5836300                                {pd product} {ergonomic}
    uintx NonProfiledCodeHeapSize                  = 122910970                              {pd product} {ergonomic}
    uintx ProfiledCodeHeapSize                     = 122910970                              {pd product} {ergonomic}
    uintx ReservedCodeCacheSize                    = 251658240                              {pd product} {ergonomic}
     bool SegmentedCodeCache                       = true                                      {product} {ergonomic}
     bool UseCompressedClassPointers               = true                                 {lp64_product} {ergonomic}
     bool UseCompressedOops                        = true                                 {lp64_product} {ergonomic}
     bool UseG1GC                                  = true                                      {product} {ergonomic}

Logging:
Log output configuration:
 #0: stdout all=warning uptime,level,tags
 #1: stderr all=off uptime,level,tags

Environment Variables:
PATH=/opt/homebrew/bin:/opt/homebrew/sbin:/usr/local/bin:/usr/bin:/bin:/usr/sbin:/sbin
SHELL=/bin/zsh
LC_CTYPE=ko_KR.UTF-8

Signal Handlers:
SIGSEGV: [libjvm.dylib+0x7ccc92], sa_mask[0]=11111111111111111111111111111111, sa_flags=SA_ONSTACK|SA_RESTART|SA_SIGINFO
SIGBUS: [libjvm.dylib+0x7ccc92], sa_mask[0]=11111111111111111111111111111111, sa_flags=SA_RESTART|SA_SIGINFO
SIGFPE: [libjvm.dylib+0x7ccc92], sa_mask[0]=11111111111111111111111111111111, sa_flags=SA_RESTART|SA_SIGINFO
SIGPIPE: [libjvm.dylib+0x630218], sa_mask[0]=11111111111111111111111111111111, sa_flags=SA_RESTART|SA_SIGINFO
SIGXFSZ: [libjvm.dylib+0x630218], sa_mask[0]=11111111111111111111111111111111, sa_flags=SA_RESTART|SA_SIGINFO
SIGILL: [libjvm.dylib+0x7ccc92], sa_mask[0]=11111111111111111111111111111111, sa_flags=SA_RESTART|SA_SIGINFO
SIGUSR2: [libjvm.dylib+0x6307f6], sa_mask[0]=00100000000000000000000000000000, sa_flags=SA_RESTART|SA_SIGINFO
SIGHUP: [libjvm.dylib+0x62f3a9], sa_mask[0]=11111111111111111111111111111111, sa_flags=SA_RESTART|SA_SIGINFO
SIGINT: [libjvm.dylib+0x62f3a9], sa_mask[0]=11111111111111111111111111111111, sa_flags=SA_RESTART|SA_SIGINFO
SIGTERM: [libjvm.dylib+0x62f3a9], sa_mask[0]=11111111111111111111111111111111, sa_flags=SA_RESTART|SA_SIGINFO
SIGQUIT: [libjvm.dylib+0x62f3a9], sa_mask[0]=11111111111111111111111111111111, sa_flags=SA_RESTART|SA_SIGINFO


---------------  S Y S T E M  ---------------

OS:uname:Darwin 21.1.0 Darwin Kernel Version 21.1.0: Wed Oct 13 17:33:24 PDT 2021; root:xnu-8019.41.5~1/RELEASE_ARM64_T8101 x86_64
OS uptime: 19 days 3:05 hours
rlimit (soft/hard): STACK 8176k/65520k , CORE 0k/infinity , NPROC 1333/2000 , NOFILE 10240/infinity , AS infinity/infinity , CPU infinity/infinity , DATA infinity/infinity , FSIZE infinity/infinity , MEMLOCK infinity/infinity , RSS infinity/infinity
load average:3.46 2.75 2.44

CPU:total 8 (initial active 8) (1 cores per cpu, 1 threads per core) family 6 model 44 stepping 0 microcode 0x0, cmov, cx8, fxsr, mmx, sse, sse2, sse3, ssse3, sse4.1, sse4.2, popcnt, aes, clmul, tsc, tscinvbit, tscinv

Memory: 4k page, physical 8388608k(28376k free), swap 2097152k(879616k free)

vm_info: OpenJDK 64-Bit Server VM (11.0.14.1+10-LTS) for bsd-amd64 JRE (11.0.14.1+10-LTS), built on Feb  8 2022 01:38:57 by "ec2user" with clang Apple LLVM 13.0.0 (clang-1300.0.29.30)

END.
